<?xml version="1.0" encoding="UTF-8"?>
<!-- Generated by org.testng.reporters.JUnitReportReporter -->
<testsuite skipped="0" hostname="Piyush" name="testcases.LoginTestSeeker" tests="3" failures="0" timestamp="18 Apr 2022 15:38:08 GMT" time="41.375" errors="0">
  <testcase name="test" time="14.955" classname="testcases.LoginTestSeeker"/>
  <testcase name="test" time="14.407" classname="testcases.LoginTestSeeker"/>
  <testcase name="test" time="12.013" classname="testcases.LoginTestSeeker"/>
</testsuite> <!-- testcases.LoginTestSeeker -->
