<?xml version="1.0" encoding="UTF-8"?>
<!-- Generated by org.testng.reporters.JUnitReportReporter -->
<testsuite skipped="0" hostname="Piyush" name="testcases.LoginTestProvider" tests="3" failures="0" timestamp="18 Apr 2022 15:38:08 GMT" time="35.450" errors="0">
  <testcase name="test" time="15.269" classname="testcases.LoginTestProvider"/>
  <testcase name="test" time="9.460" classname="testcases.LoginTestProvider"/>
  <testcase name="test" time="10.721" classname="testcases.LoginTestProvider"/>
</testsuite> <!-- testcases.LoginTestProvider -->
