<?xml version="1.0" encoding="UTF-8"?>
<!-- Generated by org.testng.reporters.JUnitReportReporter -->
<testsuite skipped="0" hostname="Piyush" name="testcases.LoginTestSeeker" tests="3" failures="0" timestamp="2022-04-18T21:23:49 IST" time="27.150" errors="0">
  <testcase name="test" time="10.375" classname="testcases.LoginTestSeeker"/>
  <system-out/>
  <testcase name="test" time="8.198" classname="testcases.LoginTestSeeker"/>
  <system-out/>
  <testcase name="test" time="8.577" classname="testcases.LoginTestSeeker"/>
  <system-out/>
</testsuite> <!-- testcases.LoginTestSeeker -->
