<?xml version="1.0" encoding="UTF-8"?>
<!-- Generated by org.testng.reporters.JUnitReportReporter -->
<testsuite skipped="0" hostname="Piyush" name="testcases.LoginTestProvider" tests="3" failures="0" timestamp="2022-04-18T21:23:49 IST" time="27.268" errors="0">
  <testcase name="test" time="9.063" classname="testcases.LoginTestProvider"/>
  <system-out/>
  <testcase name="test" time="9.201" classname="testcases.LoginTestProvider"/>
  <system-out/>
  <testcase name="test" time="9.004" classname="testcases.LoginTestProvider"/>
  <system-out/>
</testsuite> <!-- testcases.LoginTestProvider -->
